[debug] [2026-04-17T17:02:43.028Z] ----------------------------------------------------------------------
[debug] [2026-04-17T17:02:43.034Z] Command:       /usr/bin/node /usr/bin/firebase deploy --only hosting
[debug] [2026-04-17T17:02:43.036Z] CLI Version:   15.15.0
[debug] [2026-04-17T17:02:43.036Z] Platform:      linux
[debug] [2026-04-17T17:02:43.037Z] Node Version:  v22.22.2
[debug] [2026-04-17T17:02:43.038Z] Time:          Sat Apr 18 2026 01:02:43 GMT+0800 (Hong Kong Standard Time)
[debug] [2026-04-17T17:02:43.038Z] ----------------------------------------------------------------------
[debug] 
[debug] [2026-04-17T17:02:46.500Z] > command requires scopes: ["email","openid","https://www.googleapis.com/auth/cloudplatformprojects.readonly","https://www.googleapis.com/auth/firebase","https://www.googleapis.com/auth/cloud-platform"]
[debug] [2026-04-17T17:02:46.689Z] Running auto auth
[debug] [2026-04-17T17:02:46.691Z] [iam] checking project uslweb-c2d9c for permissions ["firebase.projects.get","firebasehosting.sites.update"]
[debug] [2026-04-17T17:02:46.693Z] No OAuth tokens found
[debug] [2026-04-17T17:02:46.696Z] >>> [apiv2][query] POST https://cloudresourcemanager.googleapis.com/v1/projects/uslweb-c2d9c:testIamPermissions [none]
[debug] [2026-04-17T17:02:46.696Z] >>> [apiv2][(partial)header] POST https://cloudresourcemanager.googleapis.com/v1/projects/uslweb-c2d9c:testIamPermissions  x-goog-user-project=uslweb-c2d9c
[debug] [2026-04-17T17:02:46.697Z] >>> [apiv2][body] POST https://cloudresourcemanager.googleapis.com/v1/projects/uslweb-c2d9c:testIamPermissions {"permissions":["firebase.projects.get","firebasehosting.sites.update"]}
[debug] [2026-04-17T17:02:47.704Z] <<< [apiv2][status] POST https://cloudresourcemanager.googleapis.com/v1/projects/uslweb-c2d9c:testIamPermissions 403
[debug] [2026-04-17T17:02:47.705Z] <<< [apiv2][body] POST https://cloudresourcemanager.googleapis.com/v1/projects/uslweb-c2d9c:testIamPermissions {"error":{"code":403,"message":"Caller does not have required permission to use project uslweb-c2d9c. Grant the caller the roles/serviceusage.serviceUsageConsumer role, or a custom role with the serviceusage.services.use permission, by visiting https://console.developers.google.com/iam-admin/iam?project=uslweb-c2d9c and then retry. Propagation of the new permission may take a few minutes.","status":"PERMISSION_DENIED","details":[{"@type":"type.googleapis.com/google.rpc.ErrorInfo","reason":"USER_PROJECT_DENIED","domain":"googleapis.com","metadata":{"service":"cloudresourcemanager.googleapis.com","consumer":"projects/uslweb-c2d9c","containerInfo":"uslweb-c2d9c","consoleUrl":"https://console.developers.google.com/iam-admin/iam?project=uslweb-c2d9c"}},{"@type":"type.googleapis.com/google.rpc.LocalizedMessage","locale":"en-US","message":"Caller does not have required permission to use project uslweb-c2d9c. Grant the caller the roles/serviceusage.serviceUsageConsumer role, or a custom role with the serviceusage.services.use permission, by visiting https://console.developers.google.com/iam-admin/iam?project=uslweb-c2d9c and then retry. Propagation of the new permission may take a few minutes."},{"@type":"type.googleapis.com/google.rpc.Help","links":[{"description":"Google developer console IAM admin","url":"https://console.developers.google.com/iam-admin/iam?project=uslweb-c2d9c"}]}]}}
[debug] [2026-04-17T17:02:47.707Z] [iam] error while checking permissions, command may fail: Request to https://cloudresourcemanager.googleapis.com/v1/projects/uslweb-c2d9c:testIamPermissions had HTTP Error: 403, Caller does not have required permission to use project uslweb-c2d9c. Grant the caller the roles/serviceusage.serviceUsageConsumer role, or a custom role with the serviceusage.services.use permission, by visiting https://console.developers.google.com/iam-admin/iam?project=uslweb-c2d9c and then retry. Propagation of the new permission may take a few minutes.
[debug] [2026-04-17T17:02:47.709Z] No OAuth tokens found
[debug] [2026-04-17T17:02:47.710Z] >>> [apiv2][query] GET https://firebase.googleapis.com/v1beta1/projects/uslweb-c2d9c [none]
[debug] [2026-04-17T17:02:47.792Z] <<< [apiv2][status] GET https://firebase.googleapis.com/v1beta1/projects/uslweb-c2d9c 403
[debug] [2026-04-17T17:02:47.793Z] <<< [apiv2][body] GET https://firebase.googleapis.com/v1beta1/projects/uslweb-c2d9c {"error":{"code":403,"message":"Firebase Management API has not been used in project 534995399615 before or it is disabled. Enable it by visiting https://console.developers.google.com/apis/api/firebase.googleapis.com/overview?project=534995399615 then retry. If you enabled this API recently, wait a few minutes for the action to propagate to our systems and retry.","status":"PERMISSION_DENIED","details":[{"@type":"type.googleapis.com/google.rpc.ErrorInfo","reason":"SERVICE_DISABLED","domain":"googleapis.com","metadata":{"consumer":"projects/534995399615","serviceTitle":"Firebase Management API","containerInfo":"534995399615","activationUrl":"https://console.developers.google.com/apis/api/firebase.googleapis.com/overview?project=534995399615","service":"firebase.googleapis.com"}},{"@type":"type.googleapis.com/google.rpc.LocalizedMessage","locale":"en-US","message":"Firebase Management API has not been used in project 534995399615 before or it is disabled. Enable it by visiting https://console.developers.google.com/apis/api/firebase.googleapis.com/overview?project=534995399615 then retry. If you enabled this API recently, wait a few minutes for the action to propagate to our systems and retry."},{"@type":"type.googleapis.com/google.rpc.Help","links":[{"description":"Google developers console API activation","url":"https://console.developers.google.com/apis/api/firebase.googleapis.com/overview?project=534995399615"}]}]}}
[debug] [2026-04-17T17:02:47.793Z] Request to https://firebase.googleapis.com/v1beta1/projects/uslweb-c2d9c had HTTP Error: 403, Firebase Management API has not been used in project 534995399615 before or it is disabled. Enable it by visiting https://console.developers.google.com/apis/api/firebase.googleapis.com/overview?project=534995399615 then retry. If you enabled this API recently, wait a few minutes for the action to propagate to our systems and retry.
[debug] [2026-04-17T17:02:47.795Z] FirebaseError: Request to https://firebase.googleapis.com/v1beta1/projects/uslweb-c2d9c had HTTP Error: 403, Firebase Management API has not been used in project 534995399615 before or it is disabled. Enable it by visiting https://console.developers.google.com/apis/api/firebase.googleapis.com/overview?project=534995399615 then retry. If you enabled this API recently, wait a few minutes for the action to propagate to our systems and retry.
    at responseToError (/usr/lib/node_modules/firebase-tools/lib/responseToError.js:53:12)
    at RetryOperation._fn (/usr/lib/node_modules/firebase-tools/lib/apiv2.js:333:77)
    at process.processTicksAndRejections (node:internal/process/task_queues:103:5)
[error] 
[error] Error: Failed to get Firebase project uslweb-c2d9c. Please make sure the project exists and your account has permission to access it.
[debug] [2026-04-18T00:23:36.918Z] ----------------------------------------------------------------------
[debug] [2026-04-18T00:23:36.924Z] Command:       /usr/bin/node /usr/bin/firebase deploy --only hosting
[debug] [2026-04-18T00:23:36.925Z] CLI Version:   15.15.0
[debug] [2026-04-18T00:23:36.925Z] Platform:      linux
[debug] [2026-04-18T00:23:36.926Z] Node Version:  v22.22.2
[debug] [2026-04-18T00:23:36.927Z] Time:          Sat Apr 18 2026 08:23:36 GMT+0800 (Hong Kong Standard Time)
[debug] [2026-04-18T00:23:36.928Z] ----------------------------------------------------------------------
[debug] 
[debug] [2026-04-18T00:23:41.372Z] > command requires scopes: ["email","openid","https://www.googleapis.com/auth/cloudplatformprojects.readonly","https://www.googleapis.com/auth/firebase","https://www.googleapis.com/auth/cloud-platform"]
[debug] [2026-04-18T00:23:41.560Z] Running auto auth
[debug] [2026-04-18T00:23:41.562Z] [iam] checking project uslweb-c2d9c for permissions ["firebase.projects.get","firebasehosting.sites.update"]
[debug] [2026-04-18T00:23:41.564Z] No OAuth tokens found
[debug] [2026-04-18T00:23:41.567Z] >>> [apiv2][query] POST https://cloudresourcemanager.googleapis.com/v1/projects/uslweb-c2d9c:testIamPermissions [none]
[debug] [2026-04-18T00:23:41.567Z] >>> [apiv2][(partial)header] POST https://cloudresourcemanager.googleapis.com/v1/projects/uslweb-c2d9c:testIamPermissions  x-goog-user-project=uslweb-c2d9c
[debug] [2026-04-18T00:23:41.567Z] >>> [apiv2][body] POST https://cloudresourcemanager.googleapis.com/v1/projects/uslweb-c2d9c:testIamPermissions {"permissions":["firebase.projects.get","firebasehosting.sites.update"]}
[debug] [2026-04-18T00:23:42.608Z] <<< [apiv2][status] POST https://cloudresourcemanager.googleapis.com/v1/projects/uslweb-c2d9c:testIamPermissions 403
[debug] [2026-04-18T00:23:42.609Z] <<< [apiv2][body] POST https://cloudresourcemanager.googleapis.com/v1/projects/uslweb-c2d9c:testIamPermissions {"error":{"code":403,"message":"Caller does not have required permission to use project uslweb-c2d9c. Grant the caller the roles/serviceusage.serviceUsageConsumer role, or a custom role with the serviceusage.services.use permission, by visiting https://console.developers.google.com/iam-admin/iam?project=uslweb-c2d9c and then retry. Propagation of the new permission may take a few minutes.","status":"PERMISSION_DENIED","details":[{"@type":"type.googleapis.com/google.rpc.ErrorInfo","reason":"USER_PROJECT_DENIED","domain":"googleapis.com","metadata":{"service":"cloudresourcemanager.googleapis.com","containerInfo":"uslweb-c2d9c","consoleUrl":"https://console.developers.google.com/iam-admin/iam?project=uslweb-c2d9c","consumer":"projects/uslweb-c2d9c"}},{"@type":"type.googleapis.com/google.rpc.LocalizedMessage","locale":"en-US","message":"Caller does not have required permission to use project uslweb-c2d9c. Grant the caller the roles/serviceusage.serviceUsageConsumer role, or a custom role with the serviceusage.services.use permission, by visiting https://console.developers.google.com/iam-admin/iam?project=uslweb-c2d9c and then retry. Propagation of the new permission may take a few minutes."},{"@type":"type.googleapis.com/google.rpc.Help","links":[{"description":"Google developer console IAM admin","url":"https://console.developers.google.com/iam-admin/iam?project=uslweb-c2d9c"}]}]}}
[debug] [2026-04-18T00:23:42.611Z] [iam] error while checking permissions, command may fail: Request to https://cloudresourcemanager.googleapis.com/v1/projects/uslweb-c2d9c:testIamPermissions had HTTP Error: 403, Caller does not have required permission to use project uslweb-c2d9c. Grant the caller the roles/serviceusage.serviceUsageConsumer role, or a custom role with the serviceusage.services.use permission, by visiting https://console.developers.google.com/iam-admin/iam?project=uslweb-c2d9c and then retry. Propagation of the new permission may take a few minutes.
[debug] [2026-04-18T00:23:42.613Z] No OAuth tokens found
[debug] [2026-04-18T00:23:42.614Z] >>> [apiv2][query] GET https://firebase.googleapis.com/v1beta1/projects/uslweb-c2d9c [none]
[debug] [2026-04-18T00:23:43.390Z] <<< [apiv2][status] GET https://firebase.googleapis.com/v1beta1/projects/uslweb-c2d9c 403
[debug] [2026-04-18T00:23:43.391Z] <<< [apiv2][body] GET https://firebase.googleapis.com/v1beta1/projects/uslweb-c2d9c {"error":{"code":403,"message":"Firebase Management API has not been used in project 534995399615 before or it is disabled. Enable it by visiting https://console.developers.google.com/apis/api/firebase.googleapis.com/overview?project=534995399615 then retry. If you enabled this API recently, wait a few minutes for the action to propagate to our systems and retry.","status":"PERMISSION_DENIED","details":[{"@type":"type.googleapis.com/google.rpc.ErrorInfo","reason":"SERVICE_DISABLED","domain":"googleapis.com","metadata":{"service":"firebase.googleapis.com","consumer":"projects/534995399615","serviceTitle":"Firebase Management API","activationUrl":"https://console.developers.google.com/apis/api/firebase.googleapis.com/overview?project=534995399615","containerInfo":"534995399615"}},{"@type":"type.googleapis.com/google.rpc.LocalizedMessage","locale":"en-US","message":"Firebase Management API has not been used in project 534995399615 before or it is disabled. Enable it by visiting https://console.developers.google.com/apis/api/firebase.googleapis.com/overview?project=534995399615 then retry. If you enabled this API recently, wait a few minutes for the action to propagate to our systems and retry."},{"@type":"type.googleapis.com/google.rpc.Help","links":[{"description":"Google developers console API activation","url":"https://console.developers.google.com/apis/api/firebase.googleapis.com/overview?project=534995399615"}]}]}}
[debug] [2026-04-18T00:23:43.392Z] Request to https://firebase.googleapis.com/v1beta1/projects/uslweb-c2d9c had HTTP Error: 403, Firebase Management API has not been used in project 534995399615 before or it is disabled. Enable it by visiting https://console.developers.google.com/apis/api/firebase.googleapis.com/overview?project=534995399615 then retry. If you enabled this API recently, wait a few minutes for the action to propagate to our systems and retry.
[debug] [2026-04-18T00:23:43.394Z] FirebaseError: Request to https://firebase.googleapis.com/v1beta1/projects/uslweb-c2d9c had HTTP Error: 403, Firebase Management API has not been used in project 534995399615 before or it is disabled. Enable it by visiting https://console.developers.google.com/apis/api/firebase.googleapis.com/overview?project=534995399615 then retry. If you enabled this API recently, wait a few minutes for the action to propagate to our systems and retry.
    at responseToError (/usr/lib/node_modules/firebase-tools/lib/responseToError.js:53:12)
    at RetryOperation._fn (/usr/lib/node_modules/firebase-tools/lib/apiv2.js:333:77)
    at process.processTicksAndRejections (node:internal/process/task_queues:103:5)
[error] 
[error] Error: Failed to get Firebase project uslweb-c2d9c. Please make sure the project exists and your account has permission to access it.
[debug] [2026-04-18T00:48:20.784Z] ----------------------------------------------------------------------
[debug] [2026-04-18T00:48:20.793Z] Command:       /usr/bin/node /usr/bin/firebase projects:list
[debug] [2026-04-18T00:48:20.795Z] CLI Version:   15.15.0
[debug] [2026-04-18T00:48:20.795Z] Platform:      linux
[debug] [2026-04-18T00:48:20.796Z] Node Version:  v22.22.2
[debug] [2026-04-18T00:48:20.798Z] Time:          Sat Apr 18 2026 08:48:20 GMT+0800 (Hong Kong Standard Time)
[debug] [2026-04-18T00:48:20.799Z] ----------------------------------------------------------------------
[debug] 
[debug] [2026-04-18T00:48:22.068Z] > command requires scopes: ["email","openid","https://www.googleapis.com/auth/cloudplatformprojects.readonly","https://www.googleapis.com/auth/firebase","https://www.googleapis.com/auth/cloud-platform"]
[debug] [2026-04-18T00:48:22.373Z] Running auto auth
[debug] [2026-04-18T00:48:22.384Z] No OAuth tokens found
[debug] [2026-04-18T00:48:22.387Z] >>> [apiv2][query] GET https://firebase.googleapis.com/v1beta1/projects pageSize=1000
[debug] [2026-04-18T00:48:22.474Z] <<< [apiv2][status] GET https://firebase.googleapis.com/v1beta1/projects 403
[debug] [2026-04-18T00:48:22.475Z] <<< [apiv2][body] GET https://firebase.googleapis.com/v1beta1/projects [omitted]
[debug] [2026-04-18T00:48:22.477Z] Request to https://firebase.googleapis.com/v1beta1/projects?pageSize=1000 had HTTP Error: 403, Firebase Management API has not been used in project 534995399615 before or it is disabled. Enable it by visiting https://console.developers.google.com/apis/api/firebase.googleapis.com/overview?project=534995399615 then retry. If you enabled this API recently, wait a few minutes for the action to propagate to our systems and retry.
[debug] [2026-04-18T00:48:22.485Z] FirebaseError: Request to https://firebase.googleapis.com/v1beta1/projects?pageSize=1000 had HTTP Error: 403, Firebase Management API has not been used in project 534995399615 before or it is disabled. Enable it by visiting https://console.developers.google.com/apis/api/firebase.googleapis.com/overview?project=534995399615 then retry. If you enabled this API recently, wait a few minutes for the action to propagate to our systems and retry.
    at responseToError (/usr/lib/node_modules/firebase-tools/lib/responseToError.js:53:12)
    at RetryOperation._fn (/usr/lib/node_modules/firebase-tools/lib/apiv2.js:333:77)
    at process.processTicksAndRejections (node:internal/process/task_queues:103:5)
[error] 
[error] Error: Failed to list Firebase projects. See firebase-debug.log for more info.
[debug] [2026-04-18T00:48:55.678Z] ----------------------------------------------------------------------
[debug] [2026-04-18T00:48:55.685Z] Command:       /usr/bin/node /usr/bin/firebase deploy --only hosting --debug
[debug] [2026-04-18T00:48:55.687Z] CLI Version:   15.15.0
[debug] [2026-04-18T00:48:55.687Z] Platform:      linux
[debug] [2026-04-18T00:48:55.688Z] Node Version:  v22.22.2
[debug] [2026-04-18T00:48:55.689Z] Time:          Sat Apr 18 2026 08:48:55 GMT+0800 (Hong Kong Standard Time)
[debug] [2026-04-18T00:48:55.690Z] ----------------------------------------------------------------------
[debug] 
[debug] [2026-04-18T00:49:00.653Z] > command requires scopes: ["email","openid","https://www.googleapis.com/auth/cloudplatformprojects.readonly","https://www.googleapis.com/auth/firebase","https://www.googleapis.com/auth/cloud-platform"]
[debug] [2026-04-18T00:49:00.866Z] Running auto auth
[debug] [2026-04-18T00:49:00.868Z] [iam] checking project uslweb-c2d9c for permissions ["firebase.projects.get","firebasehosting.sites.update"]
[debug] [2026-04-18T00:49:00.871Z] No OAuth tokens found
[debug] [2026-04-18T00:49:00.874Z] >>> [apiv2][query] POST https://cloudresourcemanager.googleapis.com/v1/projects/uslweb-c2d9c:testIamPermissions [none]
[debug] [2026-04-18T00:49:00.875Z] >>> [apiv2][(partial)header] POST https://cloudresourcemanager.googleapis.com/v1/projects/uslweb-c2d9c:testIamPermissions  x-goog-user-project=uslweb-c2d9c
[debug] [2026-04-18T00:49:00.876Z] >>> [apiv2][body] POST https://cloudresourcemanager.googleapis.com/v1/projects/uslweb-c2d9c:testIamPermissions {"permissions":["firebase.projects.get","firebasehosting.sites.update"]}
[debug] [2026-04-18T00:49:01.902Z] <<< [apiv2][status] POST https://cloudresourcemanager.googleapis.com/v1/projects/uslweb-c2d9c:testIamPermissions 403
[debug] [2026-04-18T00:49:01.903Z] <<< [apiv2][body] POST https://cloudresourcemanager.googleapis.com/v1/projects/uslweb-c2d9c:testIamPermissions {"error":{"code":403,"message":"Caller does not have required permission to use project uslweb-c2d9c. Grant the caller the roles/serviceusage.serviceUsageConsumer role, or a custom role with the serviceusage.services.use permission, by visiting https://console.developers.google.com/iam-admin/iam?project=uslweb-c2d9c and then retry. Propagation of the new permission may take a few minutes.","status":"PERMISSION_DENIED","details":[{"@type":"type.googleapis.com/google.rpc.ErrorInfo","reason":"USER_PROJECT_DENIED","domain":"googleapis.com","metadata":{"consoleUrl":"https://console.developers.google.com/iam-admin/iam?project=uslweb-c2d9c","service":"cloudresourcemanager.googleapis.com","consumer":"projects/uslweb-c2d9c","containerInfo":"uslweb-c2d9c"}},{"@type":"type.googleapis.com/google.rpc.LocalizedMessage","locale":"en-US","message":"Caller does not have required permission to use project uslweb-c2d9c. Grant the caller the roles/serviceusage.serviceUsageConsumer role, or a custom role with the serviceusage.services.use permission, by visiting https://console.developers.google.com/iam-admin/iam?project=uslweb-c2d9c and then retry. Propagation of the new permission may take a few minutes."},{"@type":"type.googleapis.com/google.rpc.Help","links":[{"description":"Google developer console IAM admin","url":"https://console.developers.google.com/iam-admin/iam?project=uslweb-c2d9c"}]}]}}
[debug] [2026-04-18T00:49:01.906Z] [iam] error while checking permissions, command may fail: Request to https://cloudresourcemanager.googleapis.com/v1/projects/uslweb-c2d9c:testIamPermissions had HTTP Error: 403, Caller does not have required permission to use project uslweb-c2d9c. Grant the caller the roles/serviceusage.serviceUsageConsumer role, or a custom role with the serviceusage.services.use permission, by visiting https://console.developers.google.com/iam-admin/iam?project=uslweb-c2d9c and then retry. Propagation of the new permission may take a few minutes.
[debug] [2026-04-18T00:49:01.908Z] No OAuth tokens found
[debug] [2026-04-18T00:49:01.909Z] >>> [apiv2][query] GET https://firebase.googleapis.com/v1beta1/projects/uslweb-c2d9c [none]
[debug] [2026-04-18T00:49:01.997Z] <<< [apiv2][status] GET https://firebase.googleapis.com/v1beta1/projects/uslweb-c2d9c 403
[debug] [2026-04-18T00:49:01.997Z] <<< [apiv2][body] GET https://firebase.googleapis.com/v1beta1/projects/uslweb-c2d9c {"error":{"code":403,"message":"Firebase Management API has not been used in project 534995399615 before or it is disabled. Enable it by visiting https://console.developers.google.com/apis/api/firebase.googleapis.com/overview?project=534995399615 then retry. If you enabled this API recently, wait a few minutes for the action to propagate to our systems and retry.","status":"PERMISSION_DENIED","details":[{"@type":"type.googleapis.com/google.rpc.ErrorInfo","reason":"SERVICE_DISABLED","domain":"googleapis.com","metadata":{"service":"firebase.googleapis.com","serviceTitle":"Firebase Management API","activationUrl":"https://console.developers.google.com/apis/api/firebase.googleapis.com/overview?project=534995399615","consumer":"projects/534995399615","containerInfo":"534995399615"}},{"@type":"type.googleapis.com/google.rpc.LocalizedMessage","locale":"en-US","message":"Firebase Management API has not been used in project 534995399615 before or it is disabled. Enable it by visiting https://console.developers.google.com/apis/api/firebase.googleapis.com/overview?project=534995399615 then retry. If you enabled this API recently, wait a few minutes for the action to propagate to our systems and retry."},{"@type":"type.googleapis.com/google.rpc.Help","links":[{"description":"Google developers console API activation","url":"https://console.developers.google.com/apis/api/firebase.googleapis.com/overview?project=534995399615"}]}]}}
[debug] [2026-04-18T00:49:01.998Z] Request to https://firebase.googleapis.com/v1beta1/projects/uslweb-c2d9c had HTTP Error: 403, Firebase Management API has not been used in project 534995399615 before or it is disabled. Enable it by visiting https://console.developers.google.com/apis/api/firebase.googleapis.com/overview?project=534995399615 then retry. If you enabled this API recently, wait a few minutes for the action to propagate to our systems and retry.
[debug] [2026-04-18T00:49:02.002Z] FirebaseError: Request to https://firebase.googleapis.com/v1beta1/projects/uslweb-c2d9c had HTTP Error: 403, Firebase Management API has not been used in project 534995399615 before or it is disabled. Enable it by visiting https://console.developers.google.com/apis/api/firebase.googleapis.com/overview?project=534995399615 then retry. If you enabled this API recently, wait a few minutes for the action to propagate to our systems and retry.
    at responseToError (/usr/lib/node_modules/firebase-tools/lib/responseToError.js:53:12)
    at RetryOperation._fn (/usr/lib/node_modules/firebase-tools/lib/apiv2.js:333:77)
    at process.processTicksAndRejections (node:internal/process/task_queues:103:5)
[error] 
[error] Error: Failed to get Firebase project uslweb-c2d9c. Please make sure the project exists and your account has permission to access it.
